2025-09-20 11:49:40 [ERROR]: [SmtpProviderDetails] Email failed via "gmail": Missing credentials for "PLAIN"
2025-09-20 11:49:44 [ERROR]: [SmtpProviderDetails] Email failed via "gmail": Missing credentials for "PLAIN"
2025-09-20 11:49:49 [ERROR]: [SmtpProviderDetails] Email failed via "elastic": Missing credentials for "PLAIN"
2025-09-20 11:49:52 [ERROR]: [SmtpProviderDetails] Email failed via "zoho": Missing credentials for "PLAIN"
2025-09-20 11:50:16 [ERROR]: [SmtpProviderDetails] Email failed via "outlook": connect ETIMEDOUT 52.98.34.198:2525
2025-09-20 11:50:20 [ERROR]: [SmtpProviderDetails] Email failed via "mailersend": Missing credentials for "PLAIN"
2025-09-20 11:50:25 [ERROR]: [SmtpProviderDetails] Email failed via "smtp2go": Missing credentials for "PLAIN"
2025-09-20 11:50:30 [ERROR]: [SmtpProviderDetails] Email failed via "mailgun": Missing credentials for "PLAIN"
2025-09-20 11:50:34 [ERROR]: [SmtpProviderDetails] Email failed via "mailjet": Missing credentials for "PLAIN"
2025-09-20 11:50:37 [ERROR]: [SmtpProviderDetails] Email failed via "Mailchimp": getaddrinfo ENOTFOUND mtp.mandrillapp.com
2025-09-20 11:50:41 [ERROR]: [SmtpProviderDetails] Email failed via "brevo": Missing credentials for "PLAIN"
2025-09-20 11:50:45 [ERROR]: [SmtpProviderDetails] Email failed via "postmark": Missing credentials for "PLAIN"
2025-09-20 11:50:51 [ERROR]: [SmtpProviderDetails] Email failed via "yandex": Missing credentials for "PLAIN"
2025-09-20 11:50:51 [ERROR]: [RetryHandler] All providers failed to send the email
2025-09-20 11:50:51 [ERROR]: [sendEmail] Failed to send email to rickys@itio.in via gmail: All providers failed to send the email
2025-09-22 11:36:36 [ERROR]: [SmtpProviderDetails] Email failed via "outlook": connect ETIMEDOUT 40.100.141.166:2525
2025-09-22 11:37:00 [ERROR]: [SmtpProviderDetails] Email failed via "outlook": connect ETIMEDOUT 52.98.34.198:2525
2025-09-22 11:37:35 [ERROR]: [SmtpProviderDetails] Email failed via "outlook": connect ETIMEDOUT 40.100.141.166:2525
2025-09-22 11:37:59 [ERROR]: [SmtpProviderDetails] Email failed via "outlook": connect ETIMEDOUT 52.98.34.198:2525
2025-09-22 11:42:00 [ERROR]: [SmtpProviderDetails] Email failed via "outlook": connect ETIMEDOUT 40.100.141.166:2525
2025-09-22 11:42:24 [ERROR]: [SmtpProviderDetails] Email failed via "outlook": connect ETIMEDOUT 40.100.141.166:2525
2025-09-22 11:49:33 [ERROR]: [SmtpProviderDetails] Email failed via "outlook": connect ETIMEDOUT 40.100.141.166:2525
2025-09-22 11:49:57 [ERROR]: [SmtpProviderDetails] Email failed via "outlook": connect ETIMEDOUT 52.98.88.246:2525
2025-09-22 11:53:43 [ERROR]: [SmtpProviderDetails] Email failed via "outlook": connect ETIMEDOUT 52.98.34.198:2525
2025-09-22 11:54:07 [ERROR]: [SmtpProviderDetails] Email failed via "outlook": connect ETIMEDOUT 52.98.88.246:2525
2025-09-22 11:54:56 [ERROR]: [SmtpProviderDetails] Email failed via "outlook": connect ETIMEDOUT 52.98.34.198:2525
2025-09-22 11:55:20 [ERROR]: [SmtpProviderDetails] Email failed via "outlook": connect ETIMEDOUT 52.98.34.198:2525
2025-09-22 11:58:09 [ERROR]: [SmtpProviderDetails] Email failed via "outlook": connect ETIMEDOUT 52.98.88.70:2525
2025-09-22 11:58:33 [ERROR]: [SmtpProviderDetails] Email failed via "outlook": connect ETIMEDOUT 52.98.88.70:2525
2025-09-23 11:12:20 [ERROR]: [SmtpProvider] Sending Email failed via "outlook": Invalid login: 535 5.7.139 Authentication unsuccessful, basic authentication is disabled. [PN4PR01CA0006.INDPRD01.PROD.OUTLOOK.COM 2025-09-23T05:42:19.402Z 08DDF99F27B04C4C]
2025-09-23 11:12:20 [ERROR]: [MONITORING] Error sending email to rickys@itio.in via outlook: Invalid login: 535 5.7.139 Authentication unsuccessful, basic authentication is disabled. [PN4PR01CA0006.INDPRD01.PROD.OUTLOOK.COM 2025-09-23T05:42:19.402Z 08DDF99F27B04C4C]
2025-09-23 11:16:58 [ERROR]: [SmtpProvider] Sending Email failed via "outlook": Invalid login: 535 5.7.139 Authentication unsuccessful, basic authentication is disabled. [BM1PR01CA0161.INDPRD01.PROD.OUTLOOK.COM 2025-09-23T05:46:57.457Z 08DDF9002A1A1E40]
2025-09-23 11:16:58 [ERROR]: [MONITORING] Error sending email to rickys@itio.in via outlook: Invalid login: 535 5.7.139 Authentication unsuccessful, basic authentication is disabled. [BM1PR01CA0161.INDPRD01.PROD.OUTLOOK.COM 2025-09-23T05:46:57.457Z 08DDF9002A1A1E40]
2025-09-23 11:20:22 [ERROR]: [SmtpProvider] Sending Email failed via "outlook": Invalid login: 535 5.7.139 Authentication unsuccessful, basic authentication is disabled. [PN3PR01CA0129.INDPRD01.PROD.OUTLOOK.COM 2025-09-23T05:50:21.309Z 08DDF97333F08638]
2025-09-23 11:20:22 [ERROR]: [MONITORING] Error sending email to rickys@itio.in via outlook: Invalid login: 535 5.7.139 Authentication unsuccessful, basic authentication is disabled. [PN3PR01CA0129.INDPRD01.PROD.OUTLOOK.COM 2025-09-23T05:50:21.309Z 08DDF97333F08638]
2025-09-23 11:32:50 [ERROR]: [sendEmail function] sendEmail failed for test@example.com via mock: Cannot read properties of undefined (reading 'length')
2025-09-23 11:33:06 [ERROR]: [sendEmail function] sendEmail failed for test@example.com via mock: Cannot read properties of undefined (reading 'length')
2025-09-23 11:33:30 [ERROR]: [sendEmail function] sendEmail failed for test@example.com via mock: Cannot read properties of undefined (reading 'length')
2025-09-23 11:36:09 [ERROR]: [sendEmail function] sendEmail failed for test@example.com via mock: Cannot read properties of undefined (reading 'length')
2025-09-23 11:40:45 [ERROR]: [sendEmail function] sendEmail failed for test@example.com via mock: Cannot read properties of undefined (reading 'length')
2025-09-24 12:55:35 [ERROR]: [sendEmail function] sendEmail failed for test@example.com via mock: All providers failed
2025-09-24 12:56:10 [ERROR]: [sendEmail function] sendEmail failed for test@example.com via mock: All providers failed
2025-09-24 12:58:32 [ERROR]: [sendEmail function] sendEmail failed for test@example.com via mock: All providers failed
2025-09-24 12:58:33 [ERROR]: [sendEmail function] Failed to load providers: Provider init failed
2025-09-24 12:58:33 [ERROR]: [sendEmail function] sendEmail failed for test@example.com via mock: All providers failed
2025-09-24 12:59:21 [ERROR]: [sendEmail function] sendEmail failed for test@example.com via mock: All providers failed
2025-09-24 12:59:21 [ERROR]: [sendEmail function] Failed to load providers: Provider init failed
2025-09-24 12:59:21 [ERROR]: [sendEmail function] sendEmail failed for test@example.com via mock: All providers failed
2025-09-24 13:01:44 [ERROR]: [sendEmail function] sendEmail failed for test@example.com via mock: All providers failed
2025-09-24 13:01:44 [ERROR]: [sendEmail function] Failed to load providers: Provider init failed
2025-09-24 13:01:44 [ERROR]: [sendEmail function] sendEmail failed for test@example.com via mock: All providers failed
2025-09-24 13:07:38 [ERROR]: [sendEmail function] sendEmail failed for test@example.com via mock: All providers failed
2025-09-24 13:07:38 [ERROR]: [sendEmail function] Failed to load providers: Provider init failed
2025-09-24 13:07:38 [ERROR]: [sendEmail function] Template rendering failed: Template not found
2025-09-24 13:07:38 [ERROR]: [sendEmail function] sendEmail failed for test@example.com via mock: All providers failed
2025-09-24 13:07:38 [ERROR]: [sendEmail function] Template rendering failed: Template not found
2025-09-24 13:12:47 [ERROR]: [sendEmail function] Failed to load providers: Provider init failed
2025-09-24 13:12:47 [ERROR]: [sendEmail function] sendEmail failed for test@example.com via mock: All providers failed
2025-09-24 13:12:47 [ERROR]: [sendEmail function] Template rendering failed: Template not found
2025-09-24 13:13:04 [ERROR]: [sendEmail function] sendEmail failed for test@example.com via mock: All providers failed
2025-09-24 13:13:04 [ERROR]: [sendEmail function] Template rendering failed: Template not found
2025-09-24 13:14:21 [ERROR]: [sendEmail function] sendEmail failed for test@example.com via mock: All providers failed
2025-09-24 13:14:21 [ERROR]: [sendEmail function] Template rendering failed: Template not found
2025-09-24 13:15:57 [ERROR]: [sendEmail function] Failed to load providers: Provider init failed
2025-09-24 13:15:57 [ERROR]: [sendEmail function] sendEmail failed for test@example.com via mock: All providers failed
2025-09-24 13:15:57 [ERROR]: [sendEmail function] Template rendering failed: Template not found
2025-09-24 13:30:51 [ERROR]: [sendEmail function] Failed to load providers: Provider init failed
2025-09-24 13:30:51 [ERROR]: [sendEmail function] sendEmail failed for test@example.com via mock: All providers failed
2025-09-24 13:30:51 [ERROR]: [sendEmail function] Template rendering failed: Template not found
2025-09-24 15:25:25 [ERROR]: [sendEmail] Failed to send email to test@example.com via "mock": Provider init failed
2025-09-24 15:25:25 [ERROR]: [sendEmail] Failed to send email to test@example.com via "mock": All providers failed
2025-09-24 15:25:25 [ERROR]: [sendEmail] Failed to send email to test@example.com via "mock": Template not found
2025-09-24 15:29:04 [ERROR]: [sendEmail] Failed to send email to test@example.com via "mock": Provider init failed
2025-09-24 15:29:04 [ERROR]: [sendEmail] Failed to send email to test@example.com via "mock": All providers failed
2025-09-24 15:29:04 [ERROR]: [sendEmail] Failed to send email to test@example.com via "mock": Template not found
2025-09-24 16:20:49 [ERROR]: [sendEmail function] Failed to load providers: Provider init failed
2025-09-24 16:20:49 [ERROR]: [sendEmail function] sendEmail failed for test@example.com via mock: All providers failed
2025-09-24 16:20:49 [ERROR]: [sendEmail function] Template rendering failed: Template not found
2025-09-24 16:25:56 [ERROR]: [sendEmail function] Failed to load providers: Provider init failed
2025-09-24 16:25:56 [ERROR]: [sendEmail function] sendEmail failed for test@example.com via mock: All providers failed
2025-09-24 16:25:56 [ERROR]: [sendEmail function] Template rendering failed: Template not found
2025-09-24 16:49:59 [ERROR]: [sendEmail function] Failed to load providers: Provider init failed
2025-09-24 16:49:59 [ERROR]: [sendEmail function] sendEmail failed for test@example.com via mock: All providers failed
2025-09-24 16:49:59 [ERROR]: [sendEmail function] Template rendering failed: Template not found
2025-09-25 09:51:06 [ERROR]: [sendEmail function] Failed to load providers: Provider init failed
2025-09-25 09:51:06 [ERROR]: [sendEmail function] sendEmail failed for test@example.com via mock: All providers failed
2025-09-25 09:51:06 [ERROR]: [sendEmail function] Template rendering failed: Template not found
2025-09-25 10:12:38 [ERROR]: [sendEmail function] Failed to load providers: providerManager.init is not a function
2025-09-25 10:12:38 [ERROR]: [sendEmail function] Failed to load providers: providerManager.init is not a function
2025-09-25 10:12:38 [ERROR]: [sendEmail function] Failed to load providers: providerManager.init is not a function
2025-09-25 10:12:38 [ERROR]: [sendEmail function] Failed to load providers: providerManager.init is not a function
2025-09-25 10:14:36 [ERROR]: [sendEmail function] Failed to load providers: providerManager.init is not a function
2025-09-25 10:14:36 [ERROR]: [sendEmail function] Failed to load providers: providerManager.init is not a function
2025-09-25 10:14:36 [ERROR]: [sendEmail function] Failed to load providers: providerManager.init is not a function
2025-09-25 10:14:36 [ERROR]: [sendEmail function] Failed to load providers: providerManager.init is not a function
2025-09-25 10:15:32 [ERROR]: [sendEmail function] Failed to load providers: Provider init failed
2025-09-25 10:15:32 [ERROR]: [sendEmail function] sendEmail failed for test@example.com via mock: All providers failed
2025-09-25 10:15:32 [ERROR]: [sendEmail function] Template rendering failed: Template not found
2025-09-25 10:23:22 [ERROR]: [sendEmail function] Failed to load providers: Provider init failed
2025-09-25 10:23:22 [ERROR]: [sendEmail function] sendEmail failed for test@example.com via mock: All providers failed
2025-09-25 10:23:22 [ERROR]: [sendEmail function] Template rendering failed: Template not found
2025-09-25 10:24:53 [ERROR]: [sendEmail function] Failed to load providers: Provider init failed
2025-09-25 10:24:53 [ERROR]: [sendEmail function] sendEmail failed for test@example.com via mock: All providers failed
2025-09-25 10:24:53 [ERROR]: [sendEmail function] Template rendering failed: Template not found
2025-09-25 10:25:33 [ERROR]: [sendEmail function] Failed to load providers: Provider init failed
2025-09-25 10:25:33 [ERROR]: [sendEmail function] sendEmail failed for test@example.com via mock: All providers failed
2025-09-25 10:25:33 [ERROR]: [sendEmail function] Template rendering failed: Template not found
2025-09-25 10:26:30 [ERROR]: [sendEmail function] Failed to load providers: Provider init failed
2025-09-25 10:26:30 [ERROR]: [sendEmail function] sendEmail failed for test@example.com via mock: All providers failed
2025-09-25 10:26:30 [ERROR]: [sendEmail function] Template rendering failed: Template not found
2025-09-25 10:27:11 [ERROR]: [sendEmail function] Failed to load providers: Provider init failed
2025-09-25 10:27:11 [ERROR]: [sendEmail function] sendEmail failed for test@example.com via mock: All providers failed
2025-09-25 10:27:11 [ERROR]: [sendEmail function] Template rendering failed: Template not found
2025-09-25 10:43:29 [ERROR]: [sendEmail function] Failed to load providers: Provider init failed
2025-09-25 10:43:29 [ERROR]: [sendEmail function] sendEmail failed for test@example.com via mock: All providers failed
2025-09-25 10:43:29 [ERROR]: [sendEmail function] Template rendering failed: Template not found
2025-09-25 10:44:03 [ERROR]: [sendEmail function] Failed to load providers: Provider init failed
2025-09-25 10:44:03 [ERROR]: [sendEmail function] sendEmail failed for test@example.com via mock: All providers failed
2025-09-25 10:44:03 [ERROR]: [sendEmail function] Template rendering failed: Template not found
2025-09-25 12:51:41 [ERROR]: [SmtpProvider] Sending Email failed via "outlook": Invalid login: 535 5.7.139 Authentication unsuccessful, basic authentication is disabled. [BM1P287CA0023.INDP287.PROD.OUTLOOK.COM 2025-09-25T07:21:40.390Z 08DDFB90B7326582]
2025-09-25 12:51:41 [ERROR]: [MONITORING] Error sending email to rickys@itio.in via outlook: Invalid login: 535 5.7.139 Authentication unsuccessful, basic authentication is disabled. [BM1P287CA0023.INDP287.PROD.OUTLOOK.COM 2025-09-25T07:21:40.390Z 08DDFB90B7326582]
2025-09-25 12:53:30 [ERROR]: [SmtpProvider] Sending Email failed via "outlook": Invalid login: 535 5.7.139 Authentication unsuccessful, basic authentication is disabled. [BMXPR01CA0085.INDPRD01.PROD.OUTLOOK.COM 2025-09-25T07:23:29.642Z 08DDFB99E51A2AD4]
2025-09-25 12:53:30 [ERROR]: [MONITORING] Error sending email to rickys@itio.in via outlook: Invalid login: 535 5.7.139 Authentication unsuccessful, basic authentication is disabled. [BMXPR01CA0085.INDPRD01.PROD.OUTLOOK.COM 2025-09-25T07:23:29.642Z 08DDFB99E51A2AD4]
2025-09-25 12:54:57 [ERROR]: [SmtpProvider] Sending Email failed via "outlook": Invalid login: 535 5.7.139 Authentication unsuccessful, basic authentication is disabled. [BM1P287CA0021.INDP287.PROD.OUTLOOK.COM 2025-09-25T07:24:56.798Z 08DDFB9A44D49F45]
2025-09-25 12:54:57 [ERROR]: [MONITORING] Error sending email to rickys@itio.in via outlook: Invalid login: 535 5.7.139 Authentication unsuccessful, basic authentication is disabled. [BM1P287CA0021.INDP287.PROD.OUTLOOK.COM 2025-09-25T07:24:56.798Z 08DDFB9A44D49F45]
2025-09-25 12:57:21 [ERROR]: [Retry Handler] All providers failed to send the email
2025-09-25 12:57:21 [ERROR]: [retryHandler] Provider not found fro the specific source:nonexistent
2025-09-25 12:57:21 [ERROR]: [No providers available in the memory]
2025-09-25 13:00:30 [ERROR]: [Retry Handler] All providers failed to send the email
2025-09-25 13:00:30 [ERROR]: [retryHandler] Provider not found fro the specific source:nonexistent
2025-09-25 13:00:30 [ERROR]: [No providers available in the memory]
2025-09-25 13:02:13 [ERROR]: [Retry Handler] All providers failed to send the email
2025-09-25 13:02:13 [ERROR]: [retryHandler] Provider not found fro the specific source:nonexistent
2025-09-25 13:02:13 [ERROR]: [No providers available in the memory]
2025-09-25 13:02:13 [ERROR]: [sendEmail] Failed for test@example.com via mock: Provider init failed
2025-09-25 13:02:13 [ERROR]: [sendEmail] Failed for test@example.com via mock: All providers failed
2025-09-25 13:02:13 [ERROR]: [sendEmail] Failed for test@example.com via mock: Template not found
2025-09-25 13:02:13 [ERROR]: [sendEmail] Failed for unknown recipient via mock: Recipient email address (to) is required
2025-09-25 13:03:40 [ERROR]: [sendEmail] Failed for test@example.com via mock: Provider init failed
2025-09-25 13:03:40 [ERROR]: [sendEmail] Failed for test@example.com via mock: All providers failed
2025-09-25 13:03:40 [ERROR]: [sendEmail] Failed for test@example.com via mock: Template not found
2025-09-25 13:03:40 [ERROR]: [sendEmail] Failed for unknown recipient via mock: Recipient email address (to) is required
2025-09-25 13:03:41 [ERROR]: [Retry Handler] All providers failed to send the email
2025-09-25 13:03:41 [ERROR]: [retryHandler] Provider not found fro the specific source:nonexistent
2025-09-25 13:03:41 [ERROR]: [No providers available in the memory]
2025-09-25 13:06:47 [ERROR]: [Retry Handler] All providers failed to send the email
2025-09-25 13:06:47 [ERROR]: [retryHandler] Provider not found fro the specific source:nonexistent
2025-09-25 13:06:47 [ERROR]: [No providers available in the memory]
2025-09-25 13:06:47 [ERROR]: [sendEmail] Failed for unknown recipient via mock: Recipient email address (to) is required
2025-09-25 13:07:35 [ERROR]: [Retry Handler] All providers failed to send the email
2025-09-25 13:07:35 [ERROR]: [retryHandler] Provider not found fro the specific source:nonexistent
2025-09-25 13:07:35 [ERROR]: [No providers available in the memory]
2025-09-25 13:07:35 [ERROR]: [sendEmail] Failed for unknown recipient via mock: Recipient email address (to) is required
2025-09-25 13:22:10 [ERROR]: [SmtpProvider] Sending Email failed via "outlook": Invalid login: 535 5.7.139 Authentication unsuccessful, basic authentication is disabled. [BM1PR01CA0165.INDPRD01.PROD.OUTLOOK.COM 2025-09-25T07:52:09.563Z 08DDFB87D80F8D4A]
2025-09-25 13:22:10 [ERROR]: [MONITORING] Error sending email to rickys@itio.in via outlook: Invalid login: 535 5.7.139 Authentication unsuccessful, basic authentication is disabled. [BM1PR01CA0165.INDPRD01.PROD.OUTLOOK.COM 2025-09-25T07:52:09.563Z 08DDFB87D80F8D4A]
2025-09-25 13:41:20 [ERROR]: [ProviderManager] Failed to load providers from DB: DB connection failed
2025-09-25 13:41:20 [ERROR]: [Retry Handler] All providers failed to send the email
2025-09-25 13:41:20 [ERROR]: [retryHandler] Provider not found fro the specific source:nonexistent
2025-09-25 13:41:20 [ERROR]: [No providers available in the memory]
2025-09-25 13:45:12 [ERROR]: [ProviderManager] Failed to load providers from DB: DB connection failed
2025-09-25 14:15:18 [ERROR]: [ProviderManager] Failed to load providers from DB: DB connection failed
2025-09-25 14:16:27 [ERROR]: [Retry Handler] All providers failed to send the email
2025-09-25 14:16:27 [ERROR]: [ProviderManager] Failed to load providers from DB: DB connection failed
2025-09-25 14:16:28 [ERROR]: [retryHandler] Provider not found fro the specific source:nonexistent
2025-09-25 14:16:28 [ERROR]: [No providers available in the memory]
2025-09-25 14:17:55 [ERROR]: [Retry Handler] All providers failed to send the email
2025-09-25 14:17:55 [ERROR]: [retryHandler] Provider not found fro the specific source:nonexistent
2025-09-25 14:17:55 [ERROR]: [No providers available in the memory]
2025-09-25 14:17:55 [ERROR]: [ProviderManager] Failed to load providers from DB: DB connection failed
2025-09-25 14:19:29 [ERROR]: [Retry Handler] All providers failed to send the email
2025-09-25 14:19:29 [ERROR]: [retryHandler] Provider not found fro the specific source:nonexistent
2025-09-25 14:19:29 [ERROR]: [No providers available in the memory]
2025-09-25 14:19:29 [ERROR]: [ProviderManager] Failed to load providers from DB: DB connection failed
2025-09-25 14:20:49 [ERROR]: [Retry Handler] All providers failed to send the email
2025-09-25 14:20:49 [ERROR]: [retryHandler] Provider not found fro the specific source:nonexistent
2025-09-25 14:20:49 [ERROR]: [No providers available in the memory]
2025-09-25 14:20:49 [ERROR]: [ProviderManager] Failed to load providers from DB: DB connection failed
2025-09-25 14:23:55 [ERROR]: [Retry Handler] All providers failed to send the email
2025-09-25 14:23:55 [ERROR]: [retryHandler] Provider not found fro the specific source:nonexistent
2025-09-25 14:23:55 [ERROR]: [No providers available in the memory]
2025-09-25 14:23:55 [ERROR]: [ProviderManager] Failed to load providers from DB: DB connection failed
2025-09-25 14:25:47 [ERROR]: [Retry Handler] All providers failed to send the email
2025-09-25 14:25:47 [ERROR]: [retryHandler] Provider not found fro the specific source:nonexistent
2025-09-25 14:25:47 [ERROR]: [No providers available in the memory]
2025-09-25 14:25:47 [ERROR]: [ProviderManager] Failed to load providers from DB: DB connection failed
2025-09-25 14:25:48 [ERROR]: [sendEmail] Failed for test@example.com via mock: Cannot destructure property 'subject' of '((cov_1cmktvptrm(...).s[20]++) , renderedTemplate)' as it is undefined.
2025-09-25 14:25:48 [ERROR]: [sendEmail] Failed for test@example.com via mock: Cannot destructure property 'subject' of '((cov_1cmktvptrm(...).s[20]++) , renderedTemplate)' as it is undefined.
2025-09-25 14:25:48 [ERROR]: [sendEmail] Failed for test@example.com via mock: Cannot destructure property 'subject' of '((cov_1cmktvptrm(...).s[20]++) , renderedTemplate)' as it is undefined.
2025-09-25 14:25:48 [ERROR]: [sendEmail] Failed for test@example.com via mock: Cannot destructure property 'subject' of '((cov_1cmktvptrm(...).s[20]++) , renderedTemplate)' as it is undefined.
2025-09-25 14:25:48 [ERROR]: [sendEmail] Failed for integration@example.com via mock: Cannot destructure property 'subject' of '((cov_1cmktvptrm(...).s[20]++) , renderedTemplate)' as it is undefined.
2025-09-25 14:25:48 [ERROR]: [sendEmail] Failed for unknown recipient via mock: Recipient email address (to) is required
2025-09-25 14:25:48 [ERROR]: [sendEmail] Failed for test@example.com via mock: Cannot destructure property 'subject' of '((cov_1cmktvptrm(...).s[20]++) , renderedTemplate)' as it is undefined.
2025-09-25 14:25:48 [ERROR]: [sendEmail] Failed for test1@example.com,test2@example.com via mock: Cannot destructure property 'subject' of '((cov_1cmktvptrm(...).s[20]++) , renderedTemplate)' as it is undefined.
2025-09-25 14:31:54 [ERROR]: [ProviderManager] Failed to load providers from DB: DB connection failed
2025-09-25 14:31:54 [ERROR]: [Retry Handler] All providers failed to send the email
2025-09-25 14:31:54 [ERROR]: [retryHandler] Provider not found fro the specific source:nonexistent
2025-09-25 14:31:54 [ERROR]: [No providers available in the memory]
2025-09-25 14:33:32 [ERROR]: [ProviderManager] Failed to load providers from DB: DB connection failed
2025-09-25 14:33:32 [ERROR]: [Retry Handler] All providers failed to send the email
2025-09-25 14:33:32 [ERROR]: [retryHandler] Provider not found fro the specific source:nonexistent
2025-09-25 14:33:32 [ERROR]: [No providers available in the memory]
2025-09-25 14:35:10 [ERROR]: [Retry Handler] All providers failed to send the email
2025-09-25 14:35:10 [ERROR]: [retryHandler] Provider not found fro the specific source:nonexistent
2025-09-25 14:35:10 [ERROR]: [No providers available in the memory]
2025-09-25 14:35:10 [ERROR]: [ProviderManager] Failed to load providers from DB: DB connection failed
2025-09-25 14:38:17 [ERROR]: [Retry Handler] All providers failed to send the email
2025-09-25 14:38:17 [ERROR]: [ProviderManager] Failed to load providers from DB: DB connection failed
2025-09-25 14:38:17 [ERROR]: [retryHandler] Provider not found fro the specific source:nonexistent
2025-09-25 14:38:17 [ERROR]: [No providers available in the memory]
2025-09-25 14:38:18 [ERROR]: [sendEmail] Failed for unknown recipient via mock: Recipient email address (to) is required
2025-09-25 14:42:41 [ERROR]: [Retry Handler] All providers failed to send the email
2025-09-25 14:42:41 [ERROR]: [retryHandler] Provider not found fro the specific source:nonexistent
2025-09-25 14:42:41 [ERROR]: [No providers available in the memory]
2025-09-25 14:42:41 [ERROR]: [sendEmail] Failed for unknown recipient via mock: Recipient email address (to) is required
2025-09-25 14:42:41 [ERROR]: [ProviderManager] Failed to load providers from DB: DB connection failed
2025-09-25 14:44:25 [ERROR]: [Retry Handler] All providers failed to send the email
2025-09-25 14:44:25 [ERROR]: [retryHandler] Provider not found fro the specific source:nonexistent
2025-09-25 14:44:25 [ERROR]: [No providers available in the memory]
2025-09-25 14:44:26 [ERROR]: [ProviderManager] Failed to load providers from DB: DB connection failed
2025-09-25 14:45:06 [ERROR]: [Retry Handler] All providers failed to send the email
2025-09-25 14:45:06 [ERROR]: [retryHandler] Provider not found fro the specific source:nonexistent
2025-09-25 14:45:06 [ERROR]: [No providers available in the memory]
2025-09-25 14:45:06 [ERROR]: [ProviderManager] Failed to load providers from DB: DB connection failed
2025-09-25 14:45:07 [ERROR]: [sendEmail] Failed for unknown recipient via mock: Recipient email address (to) is required
2025-09-25 14:45:07 [ERROR]: [MONITORING] Error sending email to undefined via mock: Recipient email address (to) is required
2025-09-25 14:46:17 [ERROR]: [sendEmail] Failed for unknown recipient via mock: Recipient email address (to) is required
2025-09-25 14:46:18 [ERROR]: [ProviderManager] Failed to load providers from DB: DB connection failed
2025-09-25 14:46:17 [ERROR]: [MONITORING] Error sending email to undefined via mock: Recipient email address (to) is required
2025-09-25 14:46:18 [ERROR]: [Retry Handler] All providers failed to send the email
2025-09-25 14:46:18 [ERROR]: [retryHandler] Provider not found fro the specific source:nonexistent
2025-09-25 14:46:18 [ERROR]: [No providers available in the memory]
2025-09-25 14:48:22 [ERROR]: [sendEmail] Failed for unknown recipient via mock: Recipient email address (to) is required
2025-09-25 14:48:22 [ERROR]: [ProviderManager] Failed to load providers from DB: DB connection failed
2025-09-25 14:48:22 [ERROR]: [MONITORING] Error sending email to undefined via mock: Recipient email address (to) is required
2025-09-25 14:48:22 [ERROR]: [sendEmail] Failed for unknown recipient via mock: Recipient email address (to) is required
2025-09-25 14:48:22 [ERROR]: [MONITORING] Error sending email to undefined via mock: Recipient email address (to) is required
2025-09-25 14:48:22 [ERROR]: [Retry Handler] All providers failed to send the email
2025-09-25 14:48:22 [ERROR]: [retryHandler] Provider not found fro the specific source:nonexistent
2025-09-25 14:48:22 [ERROR]: [No providers available in the memory]
2025-09-25 14:50:20 [ERROR]: [ProviderManager] Failed to load providers from DB: DB connection failed
2025-09-25 14:50:21 [ERROR]: [Retry Handler] All providers failed to send the email
2025-09-25 14:50:21 [ERROR]: [retryHandler] Provider not found fro the specific source:nonexistent
2025-09-25 14:50:21 [ERROR]: [No providers available in the memory]
2025-09-25 14:51:20 [ERROR]: [Retry Handler] All providers failed to send the email
2025-09-25 14:51:20 [ERROR]: [ProviderManager] Failed to load providers from DB: DB connection failed
2025-09-25 14:51:20 [ERROR]: [retryHandler] Provider not found fro the specific source:nonexistent
2025-09-25 14:51:20 [ERROR]: [No providers available in the memory]
2025-09-25 14:51:21 [ERROR]: [sendEmail] Failed for unknown recipient via mock: Recipient email address (to) is required
2025-09-25 14:51:21 [ERROR]: [MONITORING] Error sending email to undefined via mock: Recipient email address (to) is required
2025-09-25 14:51:21 [ERROR]: [sendEmail] Failed for unknown recipient via mock: Recipient email address (to) is required
2025-09-25 14:51:21 [ERROR]: [MONITORING] Error sending email to undefined via mock: Recipient email address (to) is required
2025-09-25 14:52:35 [ERROR]: [sendEmail] Failed for unknown recipient via mock: Recipient email address (to) is required
2025-09-25 14:52:35 [ERROR]: [ProviderManager] Failed to load providers from DB: DB connection failed
2025-09-25 14:52:35 [ERROR]: [MONITORING] Error sending email to undefined via mock: Recipient email address (to) is required
2025-09-25 14:52:35 [ERROR]: [sendEmail] Failed for unknown recipient via mock: Recipient email address (to) is required
2025-09-25 14:52:35 [ERROR]: [MONITORING] Error sending email to undefined via mock: Recipient email address (to) is required
2025-09-25 14:52:36 [ERROR]: [Retry Handler] All providers failed to send the email
2025-09-25 14:52:36 [ERROR]: [retryHandler] Provider not found fro the specific source:nonexistent
2025-09-25 14:52:36 [ERROR]: [No providers available in the memory]
2025-09-25 14:55:16 [ERROR]: [ProviderManager] Failed to load providers from DB: DB connection failed
2025-09-25 14:55:15 [ERROR]: [sendEmail] Failed for unknown recipient via mock: Recipient email address (to) is required
2025-09-25 14:55:15 [ERROR]: [MONITORING] Error sending email to undefined via mock: Recipient email address (to) is required
2025-09-25 14:55:15 [ERROR]: [sendEmail] Failed for unknown recipient via mock: Recipient email address (to) is required
2025-09-25 14:55:15 [ERROR]: [MONITORING] Error sending email to undefined via mock: Recipient email address (to) is required
2025-09-25 14:55:16 [ERROR]: [Retry Handler] All providers failed to send the email
2025-09-25 14:55:16 [ERROR]: [retryHandler] Provider not found fro the specific source:nonexistent
2025-09-25 14:55:16 [ERROR]: [No providers available in the memory]
2025-09-25 14:56:45 [ERROR]: [ProviderManager] Failed to load providers from DB: DB connection failed
2025-09-25 14:56:45 [ERROR]: [Retry Handler] All providers failed to send the email
2025-09-25 14:56:45 [ERROR]: [retryHandler] Provider not found fro the specific source:nonexistent
2025-09-25 14:56:45 [ERROR]: [No providers available in the memory]
2025-09-25 14:57:04 [ERROR]: [ProviderManager] Failed to load providers from DB: DB connection failed
2025-09-25 14:57:05 [ERROR]: [Retry Handler] All providers failed to send the email
2025-09-25 14:57:05 [ERROR]: [retryHandler] Provider not found fro the specific source:nonexistent
2025-09-25 14:57:05 [ERROR]: [No providers available in the memory]
2025-09-25 14:58:10 [ERROR]: [ProviderManager] Failed to load providers from DB: DB connection failed
2025-09-25 14:58:10 [ERROR]: [Retry Handler] All providers failed to send the email
2025-09-25 14:58:10 [ERROR]: [retryHandler] Provider not found fro the specific source:nonexistent
2025-09-25 14:58:10 [ERROR]: [No providers available in the memory]
2025-09-25 14:58:10 [ERROR]: [sendEmail] Failed for unknown recipient via mock: Recipient email address (to) is required
2025-09-25 14:58:10 [ERROR]: [MONITORING] Error sending email to undefined via mock: Recipient email address (to) is required
2025-09-25 14:58:10 [ERROR]: [sendEmail] Failed for unknown recipient via mock: Recipient email address (to) is required
2025-09-25 14:58:10 [ERROR]: [MONITORING] Error sending email to undefined via mock: Recipient email address (to) is required
2025-09-25 15:01:02 [ERROR]: [sendEmail] Failed for unknown recipient via mock: Recipient email address (to) is required
2025-09-25 15:01:02 [ERROR]: [ProviderManager] Failed to load providers from DB: DB connection failed
2025-09-25 15:01:02 [ERROR]: [MONITORING] Error sending email to undefined via mock: Recipient email address (to) is required
2025-09-25 15:01:02 [ERROR]: [sendEmail] Failed for unknown recipient via mock: Recipient email address (to) is required
2025-09-25 15:01:02 [ERROR]: [MONITORING] Error sending email to undefined via mock: Recipient email address (to) is required
2025-09-25 15:01:03 [ERROR]: [Retry Handler] All providers failed to send the email
2025-09-25 15:01:03 [ERROR]: [retryHandler] Provider not found fro the specific source:nonexistent
2025-09-25 15:01:03 [ERROR]: [No providers available in the memory]
2025-09-25 15:04:56 [ERROR]: [sendEmail] Failed for unknown recipient via mock: Recipient email address (to) is required
2025-09-25 15:04:57 [ERROR]: [ProviderManager] Failed to load providers from DB: DB connection failed
2025-09-25 15:04:56 [ERROR]: [MONITORING] Error sending email to undefined via mock: Recipient email address (to) is required
2025-09-25 15:04:57 [ERROR]: [Retry Handler] All providers failed to send the email
2025-09-25 15:04:57 [ERROR]: [retryHandler] Provider not found fro the specific source:nonexistent
2025-09-25 15:04:57 [ERROR]: [No providers available in the memory]
2025-09-25 15:07:46 [ERROR]: [sendEmail] Failed for unknown recipient via mock: Recipient email address (to) is required
2025-09-25 15:07:46 [ERROR]: [ProviderManager] Failed to load providers from DB: DB connection failed
2025-09-25 15:07:46 [ERROR]: [MONITORING] Error sending email to undefined via mock: Recipient email address (to) is required
2025-09-25 15:07:46 [ERROR]: [sendEmail] Failed for error@example.com via mock: Template Error
2025-09-25 15:07:46 [ERROR]: [MONITORING] Error sending email to error@example.com via mock: Template Error
2025-09-25 15:07:46 [ERROR]: [Retry Handler] All providers failed to send the email
2025-09-25 15:07:46 [ERROR]: [retryHandler] Provider not found fro the specific source:nonexistent
2025-09-25 15:07:46 [ERROR]: [No providers available in the memory]
2025-09-25 15:09:38 [ERROR]: [sendEmail] Failed for unknown recipient via mock: Recipient email address (to) is required
2025-09-25 15:09:38 [ERROR]: [ProviderManager] Failed to load providers from DB: DB connection failed
2025-09-25 15:09:38 [ERROR]: [MONITORING] Error sending email to undefined via mock: Recipient email address (to) is required
2025-09-25 15:09:38 [ERROR]: [sendEmail] Failed for error@example.com via mock: Template Error
2025-09-25 15:09:38 [ERROR]: [MONITORING] Error sending email to error@example.com via mock: Template Error
2025-09-25 15:09:38 [ERROR]: [Retry Handler] All providers failed to send the email
2025-09-25 15:09:38 [ERROR]: [retryHandler] Provider not found fro the specific source:nonexistent
2025-09-25 15:09:38 [ERROR]: [No providers available in the memory]
2025-09-25 15:12:09 [ERROR]: [sendEmail] Failed for unknown recipient via mock: Recipient email address (to) is required
2025-09-25 15:12:09 [ERROR]: [ProviderManager] Failed to load providers from DB: DB connection failed
2025-09-25 15:12:09 [ERROR]: [MONITORING] Error sending email to undefined via mock: Recipient email address (to) is required
2025-09-25 15:12:09 [ERROR]: [sendEmail] Failed for error@example.com via mock: Template Error
2025-09-25 15:12:09 [ERROR]: [MONITORING] Error sending email to error@example.com via mock: Template Error
2025-09-25 15:12:09 [ERROR]: [Retry Handler] All providers failed to send the email
2025-09-25 15:12:09 [ERROR]: [retryHandler] Provider not found fro the specific source:nonexistent
2025-09-25 15:12:09 [ERROR]: [No providers available in the memory]
2025-09-25 15:12:41 [ERROR]: [sendEmail] Failed for unknown recipient via mock: Recipient email address (to) is required
2025-09-25 15:12:41 [ERROR]: [ProviderManager] Failed to load providers from DB: DB connection failed
2025-09-25 15:12:41 [ERROR]: [MONITORING] Error sending email to undefined via mock: Recipient email address (to) is required
2025-09-25 15:12:41 [ERROR]: [sendEmail] Failed for error@example.com via mock: Template Error
2025-09-25 15:12:41 [ERROR]: [MONITORING] Error sending email to error@example.com via mock: Template Error
2025-09-25 15:12:41 [ERROR]: [Retry Handler] All providers failed to send the email
2025-09-25 15:12:41 [ERROR]: [retryHandler] Provider not found fro the specific source:nonexistent
2025-09-25 15:12:41 [ERROR]: [No providers available in the memory]
2025-09-25 15:14:09 [ERROR]: [sendEmail] Failed for unknown recipient via mock: Recipient email address (to) is required
2025-09-25 15:14:10 [ERROR]: [ProviderManager] Failed to load providers from DB: DB connection failed
2025-09-25 15:14:09 [ERROR]: [MONITORING] Error sending email to undefined via mock: Recipient email address (to) is required
2025-09-25 15:14:09 [ERROR]: [sendEmail] Failed for error@example.com via mock: Template Error
2025-09-25 15:14:09 [ERROR]: [MONITORING] Error sending email to error@example.com via mock: Template Error
2025-09-25 15:14:10 [ERROR]: [Retry Handler] All providers failed to send the email
2025-09-25 15:14:10 [ERROR]: [retryHandler] Provider not found fro the specific source:nonexistent
2025-09-25 15:14:10 [ERROR]: [No providers available in the memory]
2025-09-25 15:14:49 [ERROR]: [sendEmail] Failed for unknown recipient via mock: Recipient email address (to) is required
2025-09-25 15:14:49 [ERROR]: [ProviderManager] Failed to load providers from DB: DB connection failed
2025-09-25 15:14:49 [ERROR]: [MONITORING] Error sending email to undefined via mock: Recipient email address (to) is required
2025-09-25 15:14:49 [ERROR]: [Retry Handler] All providers failed to send the email
2025-09-25 15:14:49 [ERROR]: [retryHandler] Provider not found fro the specific source:nonexistent
2025-09-25 15:14:49 [ERROR]: [No providers available in the memory]
2025-09-25 15:19:43 [ERROR]: [SmtpProvider] Sending Email failed via "outlook": Invalid login: 535 5.7.139 Authentication unsuccessful, basic authentication is disabled. [BM1P287CA0007.INDP287.PROD.OUTLOOK.COM 2025-09-25T09:49:42.153Z 08DDFB8FF41F1C56]
2025-09-25 15:19:43 [ERROR]: [MONITORING] Error sending email to rickys@itio.in via outlook: Invalid login: 535 5.7.139 Authentication unsuccessful, basic authentication is disabled. [BM1P287CA0007.INDP287.PROD.OUTLOOK.COM 2025-09-25T09:49:42.153Z 08DDFB8FF41F1C56]
2025-09-25 15:39:36 [ERROR]: [SmtpProvider] Sending Email failed via "outlook": Invalid login: 535 5.7.139 Authentication unsuccessful, basic authentication is disabled. [BM1P287CA0019.INDP287.PROD.OUTLOOK.COM 2025-09-25T10:09:37.001Z 08DDFBBE94F2B40A]
2025-09-25 15:39:36 [ERROR]: [MONITORING] Error sending email to pawneshk@itio.in via outlook: Invalid login: 535 5.7.139 Authentication unsuccessful, basic authentication is disabled. [BM1P287CA0019.INDP287.PROD.OUTLOOK.COM 2025-09-25T10:09:37.001Z 08DDFBBE94F2B40A]
